[0m22:09:06.107850 [debug] [MainThread]: Sending event: {'category': 'dbt', 'action': 'invocation', 'label': 'start', 'context': [<snowplow_tracker.self_describing_json.SelfDescribingJson object at 0x0000027370BFFC50>, <snowplow_tracker.self_describing_json.SelfDescribingJson object at 0x0000027370BFCE90>, <snowplow_tracker.self_describing_json.SelfDescribingJson object at 0x0000027370BFF7D0>]}


============================== 22:09:06.113810 | 447229c5-ce6e-41f8-bfb4-6cdbed442de3 ==============================
[0m22:09:06.113810 [info ] [MainThread]: Running with dbt=1.7.19
[0m22:09:06.115806 [debug] [MainThread]: running dbt with arguments {'printer_width': '80', 'indirect_selection': 'eager', 'log_cache_events': 'False', 'write_json': 'True', 'partial_parse': 'True', 'cache_selected_only': 'False', 'profiles_dir': 'C:\\Users\\PC City\\.dbt', 'debug': 'False', 'version_check': 'True', 'log_path': 'C:\\Users\\PC City\\Desktop\\DBT COUSRE & PROJECT\\dbtlearn\\logs', 'warn_error': 'None', 'fail_fast': 'False', 'use_colors': 'True', 'use_experimental_parser': 'False', 'no_print': 'None', 'quiet': 'False', 'log_format': 'default', 'static_parser': 'True', 'invocation_command': 'dbt run-operation learn-logging', 'introspect': 'True', 'target_path': 'None', 'warn_error_options': 'WarnErrorOptions(include=[], exclude=[])', 'send_anonymous_usage_stats': 'True'}
[0m22:09:06.883970 [debug] [MainThread]: Sending event: {'category': 'dbt', 'action': 'project_id', 'label': '447229c5-ce6e-41f8-bfb4-6cdbed442de3', 'context': [<snowplow_tracker.self_describing_json.SelfDescribingJson object at 0x0000027370C66990>]}
[0m22:09:06.961968 [debug] [MainThread]: Sending event: {'category': 'dbt', 'action': 'adapter_info', 'label': '447229c5-ce6e-41f8-bfb4-6cdbed442de3', 'context': [<snowplow_tracker.self_describing_json.SelfDescribingJson object at 0x0000027372ADF4D0>]}
[0m22:09:06.962970 [info ] [MainThread]: Registered adapter: snowflake=1.7.0
[0m22:09:06.993969 [debug] [MainThread]: checksum: a8d43cdff37d0f32d7fbe4c5c25bea4bb6c86e162f8ce8fdb1a38cdcf7495431, vars: {}, profile: , target: , version: 1.7.19
[0m22:09:07.289000 [debug] [MainThread]: Partial parsing enabled: 0 files deleted, 1 files added, 0 files changed.
[0m22:09:07.289997 [debug] [MainThread]: Partial parsing: added file: dbtlearn://macros\logging.sql
[0m22:09:07.312000 [debug] [MainThread]: Sending event: {'category': 'dbt', 'action': 'load_project', 'label': '447229c5-ce6e-41f8-bfb4-6cdbed442de3', 'context': [<snowplow_tracker.self_describing_json.SelfDescribingJson object at 0x0000027372B5FCD0>]}
[0m22:09:07.338455 [debug] [MainThread]: Sending event: {'category': 'dbt', 'action': 'resource_counts', 'label': '447229c5-ce6e-41f8-bfb4-6cdbed442de3', 'context': [<snowplow_tracker.self_describing_json.SelfDescribingJson object at 0x0000027372C3C050>]}
[0m22:09:07.339455 [info ] [MainThread]: Found 1 seed, 8 models, 2 snapshots, 1 analysis, 21 tests, 3 sources, 1 exposure, 0 metrics, 816 macros, 0 groups, 0 semantic models
[0m22:09:07.340241 [debug] [MainThread]: Sending event: {'category': 'dbt', 'action': 'runnable_timing', 'label': '447229c5-ce6e-41f8-bfb4-6cdbed442de3', 'context': [<snowplow_tracker.self_describing_json.SelfDescribingJson object at 0x0000027372DB3ED0>]}
[0m22:09:07.341251 [debug] [MainThread]: Acquiring new snowflake connection 'macro_learn-logging'
[0m22:09:07.343253 [error] [MainThread]: Encountered an error while running operation: Runtime Error
  dbt could not find a macro with the name "learn-logging" in any package
[0m22:09:07.353250 [debug] [MainThread]: Traceback (most recent call last):
  File "C:\Users\PC City\Desktop\DBT COUSRE & PROJECT\dbtlearn\venv\Lib\site-packages\dbt\task\run_operation.py", line 58, in run
    self._run_unsafe(package_name, macro_name)
  File "C:\Users\PC City\Desktop\DBT COUSRE & PROJECT\dbtlearn\venv\Lib\site-packages\dbt\task\run_operation.py", line 43, in _run_unsafe
    res = adapter.execute_macro(
          ^^^^^^^^^^^^^^^^^^^^^^
  File "C:\Users\PC City\Desktop\DBT COUSRE & PROJECT\dbtlearn\venv\Lib\site-packages\dbt\adapters\base\impl.py", line 1091, in execute_macro
    raise DbtRuntimeError(
dbt.exceptions.DbtRuntimeError: Runtime Error
  dbt could not find a macro with the name "learn-logging" in any package

[0m22:09:07.355251 [error] [MainThread]: Encountered an error:
Internal Error
  dbt could not find a macro with the name 'learn-logging' in any package
[0m22:09:07.357251 [debug] [MainThread]: Command `dbt run-operation` failed at 22:09:07.356248 after 1.39 seconds
[0m22:09:07.357251 [debug] [MainThread]: Connection 'macro_learn-logging' was properly closed.
[0m22:09:07.358254 [debug] [MainThread]: Sending event: {'category': 'dbt', 'action': 'invocation', 'label': 'end', 'context': [<snowplow_tracker.self_describing_json.SelfDescribingJson object at 0x0000027370BFD4D0>, <snowplow_tracker.self_describing_json.SelfDescribingJson object at 0x0000027369CE8B10>, <snowplow_tracker.self_describing_json.SelfDescribingJson object at 0x000002736F829F50>]}
[0m22:09:07.359288 [debug] [MainThread]: Flushing usage events
[0m22:09:18.863446 [debug] [MainThread]: Sending event: {'category': 'dbt', 'action': 'invocation', 'label': 'start', 'context': [<snowplow_tracker.self_describing_json.SelfDescribingJson object at 0x000001B8D4A51150>, <snowplow_tracker.self_describing_json.SelfDescribingJson object at 0x000001B8D48B8050>, <snowplow_tracker.self_describing_json.SelfDescribingJson object at 0x000001B8D4A50610>]}


============================== 22:09:18.868481 | 8e3081e2-0426-4543-ad68-01b311c662bd ==============================
[0m22:09:18.868481 [info ] [MainThread]: Running with dbt=1.7.19
[0m22:09:18.869446 [debug] [MainThread]: running dbt with arguments {'printer_width': '80', 'indirect_selection': 'eager', 'log_cache_events': 'False', 'write_json': 'True', 'partial_parse': 'True', 'cache_selected_only': 'False', 'profiles_dir': 'C:\\Users\\PC City\\.dbt', 'fail_fast': 'False', 'version_check': 'True', 'log_path': 'C:\\Users\\PC City\\Desktop\\DBT COUSRE & PROJECT\\dbtlearn\\logs', 'warn_error': 'None', 'debug': 'False', 'use_colors': 'True', 'use_experimental_parser': 'False', 'no_print': 'None', 'quiet': 'False', 'log_format': 'default', 'introspect': 'True', 'warn_error_options': 'WarnErrorOptions(include=[], exclude=[])', 'invocation_command': 'dbt run-operation learn_logging', 'target_path': 'None', 'static_parser': 'True', 'send_anonymous_usage_stats': 'True'}
[0m22:09:19.497594 [debug] [MainThread]: Sending event: {'category': 'dbt', 'action': 'project_id', 'label': '8e3081e2-0426-4543-ad68-01b311c662bd', 'context': [<snowplow_tracker.self_describing_json.SelfDescribingJson object at 0x000001B8D6962B90>]}
[0m22:09:19.567594 [debug] [MainThread]: Sending event: {'category': 'dbt', 'action': 'adapter_info', 'label': '8e3081e2-0426-4543-ad68-01b311c662bd', 'context': [<snowplow_tracker.self_describing_json.SelfDescribingJson object at 0x000001B8D6A145D0>]}
[0m22:09:19.569595 [info ] [MainThread]: Registered adapter: snowflake=1.7.0
[0m22:09:19.596595 [debug] [MainThread]: checksum: a8d43cdff37d0f32d7fbe4c5c25bea4bb6c86e162f8ce8fdb1a38cdcf7495431, vars: {}, profile: , target: , version: 1.7.19
[0m22:09:19.831595 [debug] [MainThread]: Partial parsing enabled: 0 files deleted, 0 files added, 0 files changed.
[0m22:09:19.832595 [debug] [MainThread]: Partial parsing enabled, no changes found, skipping parsing
[0m22:09:19.841595 [debug] [MainThread]: Sending event: {'category': 'dbt', 'action': 'load_project', 'label': '8e3081e2-0426-4543-ad68-01b311c662bd', 'context': [<snowplow_tracker.self_describing_json.SelfDescribingJson object at 0x000001B8D331D890>]}
[0m22:09:19.863595 [debug] [MainThread]: Sending event: {'category': 'dbt', 'action': 'resource_counts', 'label': '8e3081e2-0426-4543-ad68-01b311c662bd', 'context': [<snowplow_tracker.self_describing_json.SelfDescribingJson object at 0x000001B8D6B1FD50>]}
[0m22:09:19.864595 [info ] [MainThread]: Found 1 seed, 8 models, 2 snapshots, 1 analysis, 21 tests, 3 sources, 1 exposure, 0 metrics, 816 macros, 0 groups, 0 semantic models
[0m22:09:19.865595 [debug] [MainThread]: Sending event: {'category': 'dbt', 'action': 'runnable_timing', 'label': '8e3081e2-0426-4543-ad68-01b311c662bd', 'context': [<snowplow_tracker.self_describing_json.SelfDescribingJson object at 0x000001B8D6A8F8D0>]}
[0m22:09:19.866595 [debug] [MainThread]: Acquiring new snowflake connection 'macro_learn_logging'
[0m22:09:19.871595 [debug] [MainThread]: call your mom!
[0m22:09:19.873595 [debug] [MainThread]: Command `dbt run-operation` succeeded at 22:09:19.873595 after 1.13 seconds
[0m22:09:19.874596 [debug] [MainThread]: Connection 'macro_learn_logging' was properly closed.
[0m22:09:19.875595 [debug] [MainThread]: Sending event: {'category': 'dbt', 'action': 'invocation', 'label': 'end', 'context': [<snowplow_tracker.self_describing_json.SelfDescribingJson object at 0x000001B8D4569510>, <snowplow_tracker.self_describing_json.SelfDescribingJson object at 0x000001B8D6B1FFD0>, <snowplow_tracker.self_describing_json.SelfDescribingJson object at 0x000001B8CDB097D0>]}
[0m22:09:19.875595 [debug] [MainThread]: Flushing usage events
[0m22:28:35.634916 [debug] [MainThread]: Sending event: {'category': 'dbt', 'action': 'invocation', 'label': 'start', 'context': [<snowplow_tracker.self_describing_json.SelfDescribingJson object at 0x000002BFDF9FC790>, <snowplow_tracker.self_describing_json.SelfDescribingJson object at 0x000002BFDF843650>, <snowplow_tracker.self_describing_json.SelfDescribingJson object at 0x000002BFDFA4FFD0>]}


============================== 22:28:35.638948 | 494b851b-b3a2-4a92-b39a-03e1829812af ==============================
[0m22:28:35.638948 [info ] [MainThread]: Running with dbt=1.7.19
[0m22:28:35.639916 [debug] [MainThread]: running dbt with arguments {'printer_width': '80', 'indirect_selection': 'eager', 'write_json': 'True', 'log_cache_events': 'False', 'partial_parse': 'True', 'cache_selected_only': 'False', 'warn_error': 'None', 'debug': 'False', 'version_check': 'True', 'log_path': 'C:\\Users\\PC City\\Desktop\\DBT COUSRE & PROJECT\\dbtlearn\\logs', 'fail_fast': 'False', 'profiles_dir': 'C:\\Users\\PC City\\.dbt', 'use_colors': 'True', 'use_experimental_parser': 'False', 'no_print': 'None', 'quiet': 'False', 'log_format': 'default', 'invocation_command': 'dbt run-operation learn_variables', 'static_parser': 'True', 'introspect': 'True', 'target_path': 'None', 'warn_error_options': 'WarnErrorOptions(include=[], exclude=[])', 'send_anonymous_usage_stats': 'True'}
[0m22:28:36.301768 [debug] [MainThread]: Sending event: {'category': 'dbt', 'action': 'project_id', 'label': '494b851b-b3a2-4a92-b39a-03e1829812af', 'context': [<snowplow_tracker.self_describing_json.SelfDescribingJson object at 0x000002BFDF9FCC10>]}
[0m22:28:36.353736 [debug] [MainThread]: Sending event: {'category': 'dbt', 'action': 'adapter_info', 'label': '494b851b-b3a2-4a92-b39a-03e1829812af', 'context': [<snowplow_tracker.self_describing_json.SelfDescribingJson object at 0x000002BFE19B53D0>]}
[0m22:28:36.354772 [info ] [MainThread]: Registered adapter: snowflake=1.7.0
[0m22:28:36.384704 [debug] [MainThread]: checksum: a8d43cdff37d0f32d7fbe4c5c25bea4bb6c86e162f8ce8fdb1a38cdcf7495431, vars: {}, profile: , target: , version: 1.7.19
[0m22:28:36.812871 [debug] [MainThread]: Partial parsing enabled: 0 files deleted, 1 files added, 0 files changed.
[0m22:28:36.813882 [debug] [MainThread]: Partial parsing: added file: dbtlearn://macros\variables.sql
[0m22:28:36.827837 [debug] [MainThread]: Sending event: {'category': 'dbt', 'action': 'load_project', 'label': '494b851b-b3a2-4a92-b39a-03e1829812af', 'context': [<snowplow_tracker.self_describing_json.SelfDescribingJson object at 0x000002BFE1A44690>]}
[0m22:28:36.846835 [debug] [MainThread]: Sending event: {'category': 'dbt', 'action': 'resource_counts', 'label': '494b851b-b3a2-4a92-b39a-03e1829812af', 'context': [<snowplow_tracker.self_describing_json.SelfDescribingJson object at 0x000002BFE1A76150>]}
[0m22:28:36.846835 [info ] [MainThread]: Found 1 seed, 8 models, 2 snapshots, 1 analysis, 21 tests, 3 sources, 1 exposure, 0 metrics, 817 macros, 0 groups, 0 semantic models
[0m22:28:36.847869 [debug] [MainThread]: Sending event: {'category': 'dbt', 'action': 'runnable_timing', 'label': '494b851b-b3a2-4a92-b39a-03e1829812af', 'context': [<snowplow_tracker.self_describing_json.SelfDescribingJson object at 0x000002BFE1C85BD0>]}
[0m22:28:36.848867 [debug] [MainThread]: Acquiring new snowflake connection 'macro_learn_variables'
[0m22:28:36.851866 [info ] [MainThread]: Helloomara
[0m22:28:36.854868 [debug] [MainThread]: Command `dbt run-operation` succeeded at 22:28:36.854868 after 1.33 seconds
[0m22:28:36.855839 [debug] [MainThread]: Connection 'macro_learn_variables' was properly closed.
[0m22:28:36.855839 [debug] [MainThread]: Sending event: {'category': 'dbt', 'action': 'invocation', 'label': 'end', 'context': [<snowplow_tracker.self_describing_json.SelfDescribingJson object at 0x000002BFDF9F9910>, <snowplow_tracker.self_describing_json.SelfDescribingJson object at 0x000002BFDF509510>, <snowplow_tracker.self_describing_json.SelfDescribingJson object at 0x000002BFDF9FE890>]}
[0m22:28:36.856859 [debug] [MainThread]: Flushing usage events
[0m22:32:29.519572 [debug] [MainThread]: Sending event: {'category': 'dbt', 'action': 'invocation', 'label': 'start', 'context': [<snowplow_tracker.self_describing_json.SelfDescribingJson object at 0x0000018551F46DD0>, <snowplow_tracker.self_describing_json.SelfDescribingJson object at 0x0000018551A193D0>, <snowplow_tracker.self_describing_json.SelfDescribingJson object at 0x0000018551F18610>]}


============================== 22:32:29.522572 | 7cde2c29-9e94-4127-bbc4-b41880a8109b ==============================
[0m22:32:29.522572 [info ] [MainThread]: Running with dbt=1.7.19
[0m22:32:29.523781 [debug] [MainThread]: running dbt with arguments {'printer_width': '80', 'indirect_selection': 'eager', 'log_cache_events': 'False', 'write_json': 'True', 'partial_parse': 'True', 'cache_selected_only': 'False', 'profiles_dir': 'C:\\Users\\PC City\\.dbt', 'fail_fast': 'False', 'version_check': 'True', 'log_path': 'C:\\Users\\PC City\\Desktop\\DBT COUSRE & PROJECT\\dbtlearn\\logs', 'debug': 'False', 'warn_error': 'None', 'use_colors': 'True', 'use_experimental_parser': 'False', 'no_print': 'None', 'quiet': 'False', 'log_format': 'default', 'invocation_command': 'dbt run-operation learn_variables', 'warn_error_options': 'WarnErrorOptions(include=[], exclude=[])', 'static_parser': 'True', 'target_path': 'None', 'introspect': 'True', 'send_anonymous_usage_stats': 'True'}
[0m22:32:29.966818 [debug] [MainThread]: Sending event: {'category': 'dbt', 'action': 'project_id', 'label': '7cde2c29-9e94-4127-bbc4-b41880a8109b', 'context': [<snowplow_tracker.self_describing_json.SelfDescribingJson object at 0x000001855198A190>]}
[0m22:32:30.017787 [debug] [MainThread]: Sending event: {'category': 'dbt', 'action': 'adapter_info', 'label': '7cde2c29-9e94-4127-bbc4-b41880a8109b', 'context': [<snowplow_tracker.self_describing_json.SelfDescribingJson object at 0x0000018553A40D50>]}
[0m22:32:30.018818 [info ] [MainThread]: Registered adapter: snowflake=1.7.0
[0m22:32:30.038826 [debug] [MainThread]: checksum: a8d43cdff37d0f32d7fbe4c5c25bea4bb6c86e162f8ce8fdb1a38cdcf7495431, vars: {}, profile: , target: , version: 1.7.19
[0m22:32:30.204819 [debug] [MainThread]: Partial parsing enabled: 0 files deleted, 0 files added, 1 files changed.
[0m22:32:30.205820 [debug] [MainThread]: Partial parsing: updated file: dbtlearn://macros\variables.sql
[0m22:32:30.219822 [debug] [MainThread]: Sending event: {'category': 'dbt', 'action': 'load_project', 'label': '7cde2c29-9e94-4127-bbc4-b41880a8109b', 'context': [<snowplow_tracker.self_describing_json.SelfDescribingJson object at 0x0000018553F7C590>]}
[0m22:32:30.237820 [debug] [MainThread]: Sending event: {'category': 'dbt', 'action': 'resource_counts', 'label': '7cde2c29-9e94-4127-bbc4-b41880a8109b', 'context': [<snowplow_tracker.self_describing_json.SelfDescribingJson object at 0x00000185540A0450>]}
[0m22:32:30.238818 [info ] [MainThread]: Found 1 seed, 8 models, 2 snapshots, 1 analysis, 21 tests, 3 sources, 1 exposure, 0 metrics, 817 macros, 0 groups, 0 semantic models
[0m22:32:30.239816 [debug] [MainThread]: Sending event: {'category': 'dbt', 'action': 'runnable_timing', 'label': '7cde2c29-9e94-4127-bbc4-b41880a8109b', 'context': [<snowplow_tracker.self_describing_json.SelfDescribingJson object at 0x0000018553F56B50>]}
[0m22:32:30.239816 [debug] [MainThread]: Acquiring new snowflake connection 'macro_learn_variables'
[0m22:32:30.243820 [info ] [MainThread]: Helloomara
[0m22:32:30.244828 [debug] [MainThread]: Snowflake adapter: Error running SQL: macro learn_variables
[0m22:32:30.244828 [debug] [MainThread]: Snowflake adapter: Rolling back transaction.
[0m22:32:30.245819 [debug] [MainThread]: Opening a new connection, currently in state init
[0m22:32:33.383846 [debug] [MainThread]: On macro_learn_variables: Close
[0m22:32:33.999366 [error] [MainThread]: Encountered an error while running operation: Compilation Error
  Required var 'user_name' not found in config:
  Vars supplied to learn_variables = {}
  
  > in macro learn_variables (macros\variables.sql)
  > called by <Unknown>
[0m22:32:34.022392 [debug] [MainThread]: Traceback (most recent call last):
  File "C:\Users\PC City\Desktop\DBT COUSRE & PROJECT\dbtlearn\venv\Lib\site-packages\dbt\task\run_operation.py", line 58, in run
    self._run_unsafe(package_name, macro_name)
  File "C:\Users\PC City\Desktop\DBT COUSRE & PROJECT\dbtlearn\venv\Lib\site-packages\dbt\task\run_operation.py", line 43, in _run_unsafe
    res = adapter.execute_macro(
          ^^^^^^^^^^^^^^^^^^^^^^
  File "C:\Users\PC City\Desktop\DBT COUSRE & PROJECT\dbtlearn\venv\Lib\site-packages\dbt\adapters\base\impl.py", line 1112, in execute_macro
    result = macro_function(**kwargs)
             ^^^^^^^^^^^^^^^^^^^^^^^^
  File "C:\Users\PC City\Desktop\DBT COUSRE & PROJECT\dbtlearn\venv\Lib\site-packages\dbt\clients\jinja.py", line 330, in __call__
    return self.call_macro(*args, **kwargs)
           ^^^^^^^^^^^^^^^^^^^^^^^^^^^^^^^^
  File "C:\Users\PC City\Desktop\DBT COUSRE & PROJECT\dbtlearn\venv\Lib\site-packages\dbt\clients\jinja.py", line 257, in call_macro
    return macro(*args, **kwargs)
           ^^^^^^^^^^^^^^^^^^^^^^
  File "C:\Users\PC City\Desktop\DBT COUSRE & PROJECT\dbtlearn\venv\Lib\site-packages\jinja2\runtime.py", line 770, in __call__
    return self._invoke(arguments, autoescape)
           ^^^^^^^^^^^^^^^^^^^^^^^^^^^^^^^^^^^
  File "C:\Users\PC City\Desktop\DBT COUSRE & PROJECT\dbtlearn\venv\Lib\site-packages\jinja2\runtime.py", line 784, in _invoke
    rv = self._func(*arguments)
         ^^^^^^^^^^^^^^^^^^^^^^
  File "<template>", line 26, in macro
  File "C:\Users\PC City\Desktop\DBT COUSRE & PROJECT\dbtlearn\venv\Lib\site-packages\jinja2\sandbox.py", line 401, in call
    return __context.call(__obj, *args, **kwargs)
           ^^^^^^^^^^^^^^^^^^^^^^^^^^^^^^^^^^^^^^
  File "C:\Users\PC City\Desktop\DBT COUSRE & PROJECT\dbtlearn\venv\Lib\site-packages\jinja2\runtime.py", line 303, in call
    return __obj(*args, **kwargs)
           ^^^^^^^^^^^^^^^^^^^^^^
  File "C:\Users\PC City\Desktop\DBT COUSRE & PROJECT\dbtlearn\venv\Lib\site-packages\dbt\context\base.py", line 176, in __call__
    return self.get_missing_var(var_name)
           ^^^^^^^^^^^^^^^^^^^^^^^^^^^^^^
  File "C:\Users\PC City\Desktop\DBT COUSRE & PROJECT\dbtlearn\venv\Lib\site-packages\dbt\context\base.py", line 157, in get_missing_var
    raise RequiredVarNotFoundError(var_name, dict(self._merged), self._node)
dbt.exceptions.RequiredVarNotFoundError: Compilation Error
  Required var 'user_name' not found in config:
  Vars supplied to learn_variables = {}
  
  > in macro learn_variables (macros\variables.sql)
  > called by <Unknown>

[0m22:32:34.026358 [debug] [MainThread]: Command `dbt run-operation` failed at 22:32:34.025391 after 4.59 seconds
[0m22:32:34.026358 [debug] [MainThread]: Connection 'macro_learn_variables' was properly closed.
[0m22:32:34.027389 [debug] [MainThread]: Sending event: {'category': 'dbt', 'action': 'invocation', 'label': 'end', 'context': [<snowplow_tracker.self_describing_json.SelfDescribingJson object at 0x0000018551A19510>, <snowplow_tracker.self_describing_json.SelfDescribingJson object at 0x0000018551F62210>, <snowplow_tracker.self_describing_json.SelfDescribingJson object at 0x00000185540F1710>]}
[0m22:32:34.028398 [debug] [MainThread]: Flushing usage events
[0m22:33:51.246120 [debug] [MainThread]: Sending event: {'category': 'dbt', 'action': 'invocation', 'label': 'start', 'context': [<snowplow_tracker.self_describing_json.SelfDescribingJson object at 0x0000021F8660DCD0>, <snowplow_tracker.self_describing_json.SelfDescribingJson object at 0x0000021F8660D550>, <snowplow_tracker.self_describing_json.SelfDescribingJson object at 0x0000021F8660CE10>]}


============================== 22:33:51.249117 | 6033ae49-f24b-4b67-9d44-bca920d4feec ==============================
[0m22:33:51.249117 [info ] [MainThread]: Running with dbt=1.7.19
[0m22:33:51.250085 [debug] [MainThread]: running dbt with arguments {'printer_width': '80', 'indirect_selection': 'eager', 'write_json': 'True', 'log_cache_events': 'False', 'partial_parse': 'True', 'cache_selected_only': 'False', 'warn_error': 'None', 'version_check': 'True', 'debug': 'False', 'log_path': 'C:\\Users\\PC City\\Desktop\\DBT COUSRE & PROJECT\\dbtlearn\\logs', 'profiles_dir': 'C:\\Users\\PC City\\.dbt', 'fail_fast': 'False', 'use_colors': 'True', 'use_experimental_parser': 'False', 'no_print': 'None', 'quiet': 'False', 'warn_error_options': 'WarnErrorOptions(include=[], exclude=[])', 'invocation_command': 'dbt run-operation learn_variables', 'introspect': 'True', 'log_format': 'default', 'target_path': 'None', 'static_parser': 'True', 'send_anonymous_usage_stats': 'True'}
[0m22:33:51.715839 [debug] [MainThread]: Sending event: {'category': 'dbt', 'action': 'project_id', 'label': '6033ae49-f24b-4b67-9d44-bca920d4feec', 'context': [<snowplow_tracker.self_describing_json.SelfDescribingJson object at 0x0000021F8859A010>]}
[0m22:33:51.766840 [debug] [MainThread]: Sending event: {'category': 'dbt', 'action': 'adapter_info', 'label': '6033ae49-f24b-4b67-9d44-bca920d4feec', 'context': [<snowplow_tracker.self_describing_json.SelfDescribingJson object at 0x0000021F86609C90>]}
[0m22:33:51.768843 [info ] [MainThread]: Registered adapter: snowflake=1.7.0
[0m22:33:51.789872 [debug] [MainThread]: checksum: a8d43cdff37d0f32d7fbe4c5c25bea4bb6c86e162f8ce8fdb1a38cdcf7495431, vars: {}, profile: , target: , version: 1.7.19
[0m22:33:51.959839 [debug] [MainThread]: Partial parsing enabled: 0 files deleted, 0 files added, 1 files changed.
[0m22:33:51.960840 [debug] [MainThread]: Partial parsing: updated file: dbtlearn://macros\variables.sql
[0m22:33:51.976839 [debug] [MainThread]: Sending event: {'category': 'dbt', 'action': 'load_project', 'label': '6033ae49-f24b-4b67-9d44-bca920d4feec', 'context': [<snowplow_tracker.self_describing_json.SelfDescribingJson object at 0x0000021F8861D790>]}
[0m22:33:51.994838 [debug] [MainThread]: Sending event: {'category': 'dbt', 'action': 'resource_counts', 'label': '6033ae49-f24b-4b67-9d44-bca920d4feec', 'context': [<snowplow_tracker.self_describing_json.SelfDescribingJson object at 0x0000021F88882DD0>]}
[0m22:33:51.994838 [info ] [MainThread]: Found 1 seed, 8 models, 2 snapshots, 1 analysis, 21 tests, 3 sources, 1 exposure, 0 metrics, 817 macros, 0 groups, 0 semantic models
[0m22:33:51.995847 [debug] [MainThread]: Sending event: {'category': 'dbt', 'action': 'runnable_timing', 'label': '6033ae49-f24b-4b67-9d44-bca920d4feec', 'context': [<snowplow_tracker.self_describing_json.SelfDescribingJson object at 0x0000021F88550110>]}
[0m22:33:51.996840 [debug] [MainThread]: Acquiring new snowflake connection 'macro_learn_variables'
[0m22:33:51.999840 [info ] [MainThread]: Helloomara
[0m22:33:52.004847 [debug] [MainThread]: Command `dbt run-operation` succeeded at 22:33:52.004847 after 0.85 seconds
[0m22:33:52.005842 [debug] [MainThread]: Connection 'macro_learn_variables' was properly closed.
[0m22:33:52.005842 [debug] [MainThread]: Sending event: {'category': 'dbt', 'action': 'invocation', 'label': 'end', 'context': [<snowplow_tracker.self_describing_json.SelfDescribingJson object at 0x0000021F85A57990>, <snowplow_tracker.self_describing_json.SelfDescribingJson object at 0x0000021FFF7196D0>, <snowplow_tracker.self_describing_json.SelfDescribingJson object at 0x0000021F86478090>]}
[0m22:33:52.006842 [debug] [MainThread]: Flushing usage events
[0m22:35:17.905589 [debug] [MainThread]: Sending event: {'category': 'dbt', 'action': 'invocation', 'label': 'start', 'context': [<snowplow_tracker.self_describing_json.SelfDescribingJson object at 0x000001E7E78AFF10>, <snowplow_tracker.self_describing_json.SelfDescribingJson object at 0x000001E7E616D1D0>, <snowplow_tracker.self_describing_json.SelfDescribingJson object at 0x000001E7E6D05690>]}


============================== 22:35:17.908622 | 69ee573a-1695-4674-8aa3-22529b1aa33e ==============================
[0m22:35:17.908622 [info ] [MainThread]: Running with dbt=1.7.19
[0m22:35:17.909592 [debug] [MainThread]: running dbt with arguments {'printer_width': '80', 'indirect_selection': 'eager', 'log_cache_events': 'False', 'write_json': 'True', 'partial_parse': 'True', 'cache_selected_only': 'False', 'warn_error': 'None', 'debug': 'False', 'version_check': 'True', 'log_path': 'C:\\Users\\PC City\\Desktop\\DBT COUSRE & PROJECT\\dbtlearn\\logs', 'fail_fast': 'False', 'profiles_dir': 'C:\\Users\\PC City\\.dbt', 'use_colors': 'True', 'use_experimental_parser': 'False', 'no_print': 'None', 'quiet': 'False', 'warn_error_options': 'WarnErrorOptions(include=[], exclude=[])', 'invocation_command': 'dbt run-operation learn_variables --vars {user_name : omara}', 'static_parser': 'True', 'introspect': 'True', 'target_path': 'None', 'log_format': 'default', 'send_anonymous_usage_stats': 'True'}
[0m22:35:18.399589 [debug] [MainThread]: Sending event: {'category': 'dbt', 'action': 'project_id', 'label': '69ee573a-1695-4674-8aa3-22529b1aa33e', 'context': [<snowplow_tracker.self_describing_json.SelfDescribingJson object at 0x000001E7E78B6410>]}
[0m22:35:18.453589 [debug] [MainThread]: Sending event: {'category': 'dbt', 'action': 'adapter_info', 'label': '69ee573a-1695-4674-8aa3-22529b1aa33e', 'context': [<snowplow_tracker.self_describing_json.SelfDescribingJson object at 0x000001E7E9869290>]}
[0m22:35:18.454589 [info ] [MainThread]: Registered adapter: snowflake=1.7.0
[0m22:35:18.475589 [debug] [MainThread]: checksum: aa986f83b66ca693ea0da6fe48d03149844c6f886387b558fac0bd4d698520be, vars: {'user_name': 'omara'}, profile: , target: , version: 1.7.19
[0m22:35:18.493589 [info ] [MainThread]: Unable to do partial parsing because config vars, config profile, or config target have changed
[0m22:35:18.494589 [debug] [MainThread]: previous checksum: aa986f83b66ca693ea0da6fe48d03149844c6f886387b558fac0bd4d698520be, current checksum: a8d43cdff37d0f32d7fbe4c5c25bea4bb6c86e162f8ce8fdb1a38cdcf7495431
[0m22:35:18.494589 [debug] [MainThread]: Sending event: {'category': 'dbt', 'action': 'partial_parser', 'label': '69ee573a-1695-4674-8aa3-22529b1aa33e', 'context': [<snowplow_tracker.self_describing_json.SelfDescribingJson object at 0x000001E7E9878C50>]}
[0m22:35:20.729950 [debug] [MainThread]: Sending event: {'category': 'dbt', 'action': 'load_project', 'label': '69ee573a-1695-4674-8aa3-22529b1aa33e', 'context': [<snowplow_tracker.self_describing_json.SelfDescribingJson object at 0x000001E7EA1F3A90>]}
[0m22:35:20.747937 [debug] [MainThread]: Sending event: {'category': 'dbt', 'action': 'resource_counts', 'label': '69ee573a-1695-4674-8aa3-22529b1aa33e', 'context': [<snowplow_tracker.self_describing_json.SelfDescribingJson object at 0x000001E7EA33B5D0>]}
[0m22:35:20.747937 [info ] [MainThread]: Found 8 models, 2 snapshots, 1 analysis, 21 tests, 1 seed, 3 sources, 1 exposure, 0 metrics, 817 macros, 0 groups, 0 semantic models
[0m22:35:20.748955 [debug] [MainThread]: Sending event: {'category': 'dbt', 'action': 'runnable_timing', 'label': '69ee573a-1695-4674-8aa3-22529b1aa33e', 'context': [<snowplow_tracker.self_describing_json.SelfDescribingJson object at 0x000001E7E9F8DBD0>]}
[0m22:35:20.749918 [debug] [MainThread]: Acquiring new snowflake connection 'macro_learn_variables'
[0m22:35:20.752950 [info ] [MainThread]: Helloomara
[0m22:35:20.755918 [debug] [MainThread]: Command `dbt run-operation` succeeded at 22:35:20.755918 after 2.95 seconds
[0m22:35:20.755918 [debug] [MainThread]: Connection 'macro_learn_variables' was properly closed.
[0m22:35:20.756919 [debug] [MainThread]: Sending event: {'category': 'dbt', 'action': 'invocation', 'label': 'end', 'context': [<snowplow_tracker.self_describing_json.SelfDescribingJson object at 0x000001E7E74AC250>, <snowplow_tracker.self_describing_json.SelfDescribingJson object at 0x000001E7E79005D0>, <snowplow_tracker.self_describing_json.SelfDescribingJson object at 0x000001E7E7901BD0>]}
[0m22:35:20.757918 [debug] [MainThread]: Flushing usage events
[0m22:35:40.083288 [debug] [MainThread]: Sending event: {'category': 'dbt', 'action': 'invocation', 'label': 'start', 'context': [<snowplow_tracker.self_describing_json.SelfDescribingJson object at 0x000001DB4A81DA90>, <snowplow_tracker.self_describing_json.SelfDescribingJson object at 0x000001DB4A86F790>, <snowplow_tracker.self_describing_json.SelfDescribingJson object at 0x000001DB4A86F010>]}


============================== 22:35:40.087272 | f8a1ef42-4620-4cf2-a01b-fa3087636739 ==============================
[0m22:35:40.087272 [info ] [MainThread]: Running with dbt=1.7.19
[0m22:35:40.088274 [debug] [MainThread]: running dbt with arguments {'printer_width': '80', 'indirect_selection': 'eager', 'log_cache_events': 'False', 'write_json': 'True', 'partial_parse': 'True', 'cache_selected_only': 'False', 'warn_error': 'None', 'debug': 'False', 'fail_fast': 'False', 'log_path': 'C:\\Users\\PC City\\Desktop\\DBT COUSRE & PROJECT\\dbtlearn\\logs', 'profiles_dir': 'C:\\Users\\PC City\\.dbt', 'version_check': 'True', 'use_colors': 'True', 'use_experimental_parser': 'False', 'no_print': 'None', 'quiet': 'False', 'log_format': 'default', 'introspect': 'True', 'static_parser': 'True', 'invocation_command': 'dbt run-operation learn_variables --vars {user_name : omara}', 'target_path': 'None', 'warn_error_options': 'WarnErrorOptions(include=[], exclude=[])', 'send_anonymous_usage_stats': 'True'}
[0m22:35:40.543074 [debug] [MainThread]: Sending event: {'category': 'dbt', 'action': 'project_id', 'label': 'f8a1ef42-4620-4cf2-a01b-fa3087636739', 'context': [<snowplow_tracker.self_describing_json.SelfDescribingJson object at 0x000001DB4A81D1D0>]}
[0m22:35:40.592074 [debug] [MainThread]: Sending event: {'category': 'dbt', 'action': 'adapter_info', 'label': 'f8a1ef42-4620-4cf2-a01b-fa3087636739', 'context': [<snowplow_tracker.self_describing_json.SelfDescribingJson object at 0x000001DB4C730E90>]}
[0m22:35:40.593075 [info ] [MainThread]: Registered adapter: snowflake=1.7.0
[0m22:35:40.612075 [debug] [MainThread]: checksum: aa986f83b66ca693ea0da6fe48d03149844c6f886387b558fac0bd4d698520be, vars: {'user_name': 'omara'}, profile: , target: , version: 1.7.19
[0m22:35:40.777074 [debug] [MainThread]: Partial parsing enabled: 0 files deleted, 0 files added, 1 files changed.
[0m22:35:40.778075 [debug] [MainThread]: Partial parsing: updated file: dbtlearn://macros\variables.sql
[0m22:35:40.793075 [debug] [MainThread]: Sending event: {'category': 'dbt', 'action': 'load_project', 'label': 'f8a1ef42-4620-4cf2-a01b-fa3087636739', 'context': [<snowplow_tracker.self_describing_json.SelfDescribingJson object at 0x000001DB4C882C50>]}
[0m22:35:40.810075 [debug] [MainThread]: Sending event: {'category': 'dbt', 'action': 'resource_counts', 'label': 'f8a1ef42-4620-4cf2-a01b-fa3087636739', 'context': [<snowplow_tracker.self_describing_json.SelfDescribingJson object at 0x000001DB4C793190>]}
[0m22:35:40.810075 [info ] [MainThread]: Found 8 models, 2 snapshots, 1 analysis, 21 tests, 1 seed, 3 sources, 1 exposure, 0 metrics, 817 macros, 0 groups, 0 semantic models
[0m22:35:40.811075 [debug] [MainThread]: Sending event: {'category': 'dbt', 'action': 'runnable_timing', 'label': 'f8a1ef42-4620-4cf2-a01b-fa3087636739', 'context': [<snowplow_tracker.self_describing_json.SelfDescribingJson object at 0x000001DB496AD2D0>]}
[0m22:35:40.812075 [debug] [MainThread]: Acquiring new snowflake connection 'macro_learn_variables'
[0m22:35:40.816075 [info ] [MainThread]: Helloomara
[0m22:35:40.816075 [info ] [MainThread]: Hello DBT usersomara!
[0m22:35:40.819075 [debug] [MainThread]: Command `dbt run-operation` succeeded at 22:35:40.818076 after 0.83 seconds
[0m22:35:40.819075 [debug] [MainThread]: Connection 'macro_learn_variables' was properly closed.
[0m22:35:40.820077 [debug] [MainThread]: Sending event: {'category': 'dbt', 'action': 'invocation', 'label': 'end', 'context': [<snowplow_tracker.self_describing_json.SelfDescribingJson object at 0x000001DB4C7E6790>, <snowplow_tracker.self_describing_json.SelfDescribingJson object at 0x000001DB43B32CD0>, <snowplow_tracker.self_describing_json.SelfDescribingJson object at 0x000001DB4C84EDD0>]}
[0m22:35:40.820077 [debug] [MainThread]: Flushing usage events
[0m22:37:27.672823 [debug] [MainThread]: Sending event: {'category': 'dbt', 'action': 'invocation', 'label': 'start', 'context': [<snowplow_tracker.self_describing_json.SelfDescribingJson object at 0x00000236CBD7E710>, <snowplow_tracker.self_describing_json.SelfDescribingJson object at 0x00000236CBDCC090>, <snowplow_tracker.self_describing_json.SelfDescribingJson object at 0x00000236CBDCF490>]}


============================== 22:37:27.675857 | f83a4f8c-7bdf-4ee5-b70a-23f19398b3b8 ==============================
[0m22:37:27.675857 [info ] [MainThread]: Running with dbt=1.7.19
[0m22:37:27.676855 [debug] [MainThread]: running dbt with arguments {'printer_width': '80', 'indirect_selection': 'eager', 'write_json': 'True', 'log_cache_events': 'False', 'partial_parse': 'True', 'cache_selected_only': 'False', 'profiles_dir': 'C:\\Users\\PC City\\.dbt', 'debug': 'False', 'fail_fast': 'False', 'log_path': 'C:\\Users\\PC City\\Desktop\\DBT COUSRE & PROJECT\\dbtlearn\\logs', 'warn_error': 'None', 'version_check': 'True', 'use_colors': 'True', 'use_experimental_parser': 'False', 'no_print': 'None', 'quiet': 'False', 'warn_error_options': 'WarnErrorOptions(include=[], exclude=[])', 'invocation_command': 'dbt run-operation learn_variables', 'log_format': 'default', 'static_parser': 'True', 'target_path': 'None', 'introspect': 'True', 'send_anonymous_usage_stats': 'True'}
[0m22:37:28.122128 [debug] [MainThread]: Sending event: {'category': 'dbt', 'action': 'project_id', 'label': 'f83a4f8c-7bdf-4ee5-b70a-23f19398b3b8', 'context': [<snowplow_tracker.self_describing_json.SelfDescribingJson object at 0x00000236CBDCFF50>]}
[0m22:37:28.172128 [debug] [MainThread]: Sending event: {'category': 'dbt', 'action': 'adapter_info', 'label': 'f83a4f8c-7bdf-4ee5-b70a-23f19398b3b8', 'context': [<snowplow_tracker.self_describing_json.SelfDescribingJson object at 0x00000236CDD48210>]}
[0m22:37:28.173128 [info ] [MainThread]: Registered adapter: snowflake=1.7.0
[0m22:37:28.194128 [debug] [MainThread]: checksum: a8d43cdff37d0f32d7fbe4c5c25bea4bb6c86e162f8ce8fdb1a38cdcf7495431, vars: {}, profile: , target: , version: 1.7.19
[0m22:37:28.210128 [info ] [MainThread]: Unable to do partial parsing because config vars, config profile, or config target have changed
[0m22:37:28.211128 [debug] [MainThread]: previous checksum: a8d43cdff37d0f32d7fbe4c5c25bea4bb6c86e162f8ce8fdb1a38cdcf7495431, current checksum: aa986f83b66ca693ea0da6fe48d03149844c6f886387b558fac0bd4d698520be
[0m22:37:28.212128 [debug] [MainThread]: Sending event: {'category': 'dbt', 'action': 'partial_parser', 'label': 'f83a4f8c-7bdf-4ee5-b70a-23f19398b3b8', 'context': [<snowplow_tracker.self_describing_json.SelfDescribingJson object at 0x00000236CDD53C90>]}
[0m22:37:30.654128 [debug] [MainThread]: Sending event: {'category': 'dbt', 'action': 'load_project', 'label': 'f83a4f8c-7bdf-4ee5-b70a-23f19398b3b8', 'context': [<snowplow_tracker.self_describing_json.SelfDescribingJson object at 0x00000236CE6C4990>]}
[0m22:37:30.672486 [debug] [MainThread]: Sending event: {'category': 'dbt', 'action': 'resource_counts', 'label': 'f83a4f8c-7bdf-4ee5-b70a-23f19398b3b8', 'context': [<snowplow_tracker.self_describing_json.SelfDescribingJson object at 0x00000236CE7140D0>]}
[0m22:37:30.673486 [info ] [MainThread]: Found 8 models, 2 snapshots, 1 analysis, 21 tests, 1 seed, 3 sources, 1 exposure, 0 metrics, 817 macros, 0 groups, 0 semantic models
[0m22:37:30.674503 [debug] [MainThread]: Sending event: {'category': 'dbt', 'action': 'runnable_timing', 'label': 'f83a4f8c-7bdf-4ee5-b70a-23f19398b3b8', 'context': [<snowplow_tracker.self_describing_json.SelfDescribingJson object at 0x00000236CE05EA10>]}
[0m22:37:30.675486 [debug] [MainThread]: Acquiring new snowflake connection 'macro_learn_variables'
[0m22:37:30.678486 [info ] [MainThread]: Helloomara
[0m22:37:30.679489 [info ] [MainThread]: Hello DBT usersNo user name is set !!!
[0m22:37:30.682501 [debug] [MainThread]: Command `dbt run-operation` succeeded at 22:37:30.682501 after 3.10 seconds
[0m22:37:30.682501 [debug] [MainThread]: Connection 'macro_learn_variables' was properly closed.
[0m22:37:30.683489 [debug] [MainThread]: Sending event: {'category': 'dbt', 'action': 'invocation', 'label': 'end', 'context': [<snowplow_tracker.self_describing_json.SelfDescribingJson object at 0x00000236CBDCFD10>, <snowplow_tracker.self_describing_json.SelfDescribingJson object at 0x00000236CB746990>, <snowplow_tracker.self_describing_json.SelfDescribingJson object at 0x00000236CE6DA310>]}
[0m22:37:30.683489 [debug] [MainThread]: Flushing usage events
[0m22:38:46.477074 [debug] [MainThread]: Sending event: {'category': 'dbt', 'action': 'invocation', 'label': 'start', 'context': [<snowplow_tracker.self_describing_json.SelfDescribingJson object at 0x000001DCD8BF9710>, <snowplow_tracker.self_describing_json.SelfDescribingJson object at 0x000001DCD8C3F010>, <snowplow_tracker.self_describing_json.SelfDescribingJson object at 0x000001DCD8BEAD90>]}


============================== 22:38:46.481107 | ebca02a1-9645-4771-a016-974f97fd60b6 ==============================
[0m22:38:46.481107 [info ] [MainThread]: Running with dbt=1.7.19
[0m22:38:46.482073 [debug] [MainThread]: running dbt with arguments {'printer_width': '80', 'indirect_selection': 'eager', 'log_cache_events': 'False', 'write_json': 'True', 'partial_parse': 'True', 'cache_selected_only': 'False', 'warn_error': 'None', 'version_check': 'True', 'debug': 'False', 'log_path': 'C:\\Users\\PC City\\Desktop\\DBT COUSRE & PROJECT\\dbtlearn\\logs', 'fail_fast': 'False', 'profiles_dir': 'C:\\Users\\PC City\\.dbt', 'use_colors': 'True', 'use_experimental_parser': 'False', 'no_print': 'None', 'quiet': 'False', 'warn_error_options': 'WarnErrorOptions(include=[], exclude=[])', 'invocation_command': 'dbt run-operation learn_variables', 'static_parser': 'True', 'introspect': 'True', 'target_path': 'None', 'log_format': 'default', 'send_anonymous_usage_stats': 'True'}
[0m22:38:46.925718 [debug] [MainThread]: Sending event: {'category': 'dbt', 'action': 'project_id', 'label': 'ebca02a1-9645-4771-a016-974f97fd60b6', 'context': [<snowplow_tracker.self_describing_json.SelfDescribingJson object at 0x000001DCDAB58A50>]}
[0m22:38:46.975719 [debug] [MainThread]: Sending event: {'category': 'dbt', 'action': 'adapter_info', 'label': 'ebca02a1-9645-4771-a016-974f97fd60b6', 'context': [<snowplow_tracker.self_describing_json.SelfDescribingJson object at 0x000001DCD8638E10>]}
[0m22:38:46.976719 [info ] [MainThread]: Registered adapter: snowflake=1.7.0
[0m22:38:46.997720 [debug] [MainThread]: checksum: a8d43cdff37d0f32d7fbe4c5c25bea4bb6c86e162f8ce8fdb1a38cdcf7495431, vars: {}, profile: , target: , version: 1.7.19
[0m22:38:47.159751 [debug] [MainThread]: Partial parsing enabled: 0 files deleted, 0 files added, 0 files changed.
[0m22:38:47.159751 [debug] [MainThread]: Partial parsing enabled, no changes found, skipping parsing
[0m22:38:47.166752 [debug] [MainThread]: Sending event: {'category': 'dbt', 'action': 'load_project', 'label': 'ebca02a1-9645-4771-a016-974f97fd60b6', 'context': [<snowplow_tracker.self_describing_json.SelfDescribingJson object at 0x000001DCDAE8A4D0>]}
[0m22:38:47.184720 [debug] [MainThread]: Sending event: {'category': 'dbt', 'action': 'resource_counts', 'label': 'ebca02a1-9645-4771-a016-974f97fd60b6', 'context': [<snowplow_tracker.self_describing_json.SelfDescribingJson object at 0x000001DCDACBBB50>]}
[0m22:38:47.184720 [info ] [MainThread]: Found 8 models, 2 snapshots, 1 analysis, 21 tests, 1 seed, 3 sources, 1 exposure, 0 metrics, 817 macros, 0 groups, 0 semantic models
[0m22:38:47.185754 [debug] [MainThread]: Sending event: {'category': 'dbt', 'action': 'runnable_timing', 'label': 'ebca02a1-9645-4771-a016-974f97fd60b6', 'context': [<snowplow_tracker.self_describing_json.SelfDescribingJson object at 0x000001DCDAB59310>]}
[0m22:38:47.186719 [debug] [MainThread]: Acquiring new snowflake connection 'macro_learn_variables'
[0m22:38:47.190719 [info ] [MainThread]: Helloomara
[0m22:38:47.191719 [info ] [MainThread]: Hello DBT usersNo user name is set !!!
[0m22:38:47.194720 [debug] [MainThread]: Command `dbt run-operation` succeeded at 22:38:47.194720 after 0.81 seconds
[0m22:38:47.195721 [debug] [MainThread]: Connection 'macro_learn_variables' was properly closed.
[0m22:38:47.196720 [debug] [MainThread]: Sending event: {'category': 'dbt', 'action': 'invocation', 'label': 'end', 'context': [<snowplow_tracker.self_describing_json.SelfDescribingJson object at 0x000001DCD8709510>, <snowplow_tracker.self_describing_json.SelfDescribingJson object at 0x000001DCDAC82DD0>, <snowplow_tracker.self_describing_json.SelfDescribingJson object at 0x000001DCDAB1FB10>]}
[0m22:38:47.196720 [debug] [MainThread]: Flushing usage events
[0m00:07:24.846104 [debug] [MainThread]: Sending event: {'category': 'dbt', 'action': 'invocation', 'label': 'start', 'context': [<snowplow_tracker.self_describing_json.SelfDescribingJson object at 0x0000024EC033D4D0>, <snowplow_tracker.self_describing_json.SelfDescribingJson object at 0x0000024EC033FC90>, <snowplow_tracker.self_describing_json.SelfDescribingJson object at 0x0000024EC033DFD0>]}


============================== 00:07:24.852068 | 793247b8-75ae-4312-b289-f825ad7698b7 ==============================
[0m00:07:24.852068 [info ] [MainThread]: Running with dbt=1.7.19
[0m00:07:24.853066 [debug] [MainThread]: running dbt with arguments {'printer_width': '80', 'indirect_selection': 'eager', 'log_cache_events': 'False', 'write_json': 'True', 'partial_parse': 'True', 'cache_selected_only': 'False', 'profiles_dir': 'C:\\Users\\PC City\\.dbt', 'debug': 'False', 'warn_error': 'None', 'log_path': 'C:\\Users\\PC City\\Desktop\\DBT COUSRE & PROJECT\\dbtlearn\\logs', 'fail_fast': 'False', 'version_check': 'True', 'use_colors': 'True', 'use_experimental_parser': 'False', 'no_print': 'None', 'quiet': 'False', 'warn_error_options': 'WarnErrorOptions(include=[], exclude=[])', 'static_parser': 'True', 'introspect': 'True', 'log_format': 'default', 'target_path': 'None', 'invocation_command': 'dbt debug', 'send_anonymous_usage_stats': 'True'}
[0m00:07:24.854067 [info ] [MainThread]: dbt version: 1.7.19
[0m00:07:24.855067 [info ] [MainThread]: python version: 3.11.7
[0m00:07:24.855067 [info ] [MainThread]: python path: C:\Users\PC City\Desktop\DBT COUSRE & PROJECT\venv\Scripts\python.exe
[0m00:07:24.856066 [info ] [MainThread]: os info: Windows-10-10.0.19045-SP0
[0m00:07:26.345746 [info ] [MainThread]: Using profiles dir at C:\Users\PC City\.dbt
[0m00:07:26.346746 [info ] [MainThread]: Using profiles.yml file at C:\Users\PC City\.dbt\profiles.yml
[0m00:07:26.347746 [info ] [MainThread]: Using dbt_project.yml file at C:\Users\PC City\Desktop\DBT COUSRE & PROJECT\dbtlearn\dbt_project.yml
[0m00:07:26.350746 [info ] [MainThread]: adapter type: snowflake
[0m00:07:26.350746 [info ] [MainThread]: adapter version: 1.7.0
[0m00:07:26.473745 [info ] [MainThread]: Configuration:
[0m00:07:26.473745 [info ] [MainThread]:   profiles.yml file [[32mOK found and valid[0m]
[0m00:07:26.474747 [info ] [MainThread]:   dbt_project.yml file [[32mOK found and valid[0m]
[0m00:07:26.475746 [info ] [MainThread]: Required dependencies:
[0m00:07:26.476748 [debug] [MainThread]: Executing "git --help"
[0m00:07:26.521746 [debug] [MainThread]: STDOUT: "b"usage: git [-v | --version] [-h | --help] [-C <path>] [-c <name>=<value>]\n           [--exec-path[=<path>]] [--html-path] [--man-path] [--info-path]\n           [-p | --paginate | -P | --no-pager] [--no-replace-objects] [--no-lazy-fetch]\n           [--no-optional-locks] [--no-advice] [--bare] [--git-dir=<path>]\n           [--work-tree=<path>] [--namespace=<name>] [--config-env=<name>=<envvar>]\n           <command> [<args>]\n\nThese are common Git commands used in various situations:\n\nstart a working area (see also: git help tutorial)\n   clone      Clone a repository into a new directory\n   init       Create an empty Git repository or reinitialize an existing one\n\nwork on the current change (see also: git help everyday)\n   add        Add file contents to the index\n   mv         Move or rename a file, a directory, or a symlink\n   restore    Restore working tree files\n   rm         Remove files from the working tree and from the index\n\nexamine the history and state (see also: git help revisions)\n   bisect     Use binary search to find the commit that introduced a bug\n   diff       Show changes between commits, commit and working tree, etc\n   grep       Print lines matching a pattern\n   log        Show commit logs\n   show       Show various types of objects\n   status     Show the working tree status\n\ngrow, mark and tweak your common history\n   backfill   Download missing objects in a partial clone\n   branch     List, create, or delete branches\n   commit     Record changes to the repository\n   merge      Join two or more development histories together\n   rebase     Reapply commits on top of another base tip\n   reset      Reset current HEAD to the specified state\n   switch     Switch branches\n   tag        Create, list, delete or verify a tag object signed with GPG\n\ncollaborate (see also: git help workflows)\n   fetch      Download objects and refs from another repository\n   pull       Fetch from and integrate with another repository or a local branch\n   push       Update remote refs along with associated objects\n\n'git help -a' and 'git help -g' list available subcommands and some\nconcept guides. See 'git help <command>' or 'git help <concept>'\nto read about a specific subcommand or concept.\nSee 'git help git' for an overview of the system.\n""
[0m00:07:26.522746 [debug] [MainThread]: STDERR: "b''"
[0m00:07:26.522746 [info ] [MainThread]:  - git [[32mOK found[0m]

[0m00:07:26.523745 [info ] [MainThread]: Connection:
[0m00:07:26.524746 [info ] [MainThread]:   account: RLNMUDU-KYB58750
[0m00:07:26.524746 [info ] [MainThread]:   user: dbt
[0m00:07:26.525746 [info ] [MainThread]:   database: AIRBNB
[0m00:07:26.525746 [info ] [MainThread]:   warehouse: COMPUTE_WH
[0m00:07:26.526746 [info ] [MainThread]:   role: transform
[0m00:07:26.526746 [info ] [MainThread]:   schema: DEV
[0m00:07:26.527746 [info ] [MainThread]:   authenticator: None
[0m00:07:26.528747 [info ] [MainThread]:   private_key_path: None
[0m00:07:26.528747 [info ] [MainThread]:   token: None
[0m00:07:26.529746 [info ] [MainThread]:   oauth_client_id: None
[0m00:07:26.529746 [info ] [MainThread]:   query_tag: None
[0m00:07:26.530746 [info ] [MainThread]:   client_session_keep_alive: False
[0m00:07:26.531747 [info ] [MainThread]:   host: None
[0m00:07:26.532751 [info ] [MainThread]:   port: None
[0m00:07:26.533747 [info ] [MainThread]:   proxy_host: None
[0m00:07:26.533747 [info ] [MainThread]:   proxy_port: None
[0m00:07:26.534746 [info ] [MainThread]:   protocol: None
[0m00:07:26.535747 [info ] [MainThread]:   connect_retries: 1
[0m00:07:26.535747 [info ] [MainThread]:   connect_timeout: None
[0m00:07:26.536746 [info ] [MainThread]:   retry_on_database_errors: False
[0m00:07:26.536746 [info ] [MainThread]:   retry_all: False
[0m00:07:26.537746 [info ] [MainThread]:   insecure_mode: False
[0m00:07:26.538747 [info ] [MainThread]:   reuse_connections: None
[0m00:07:26.539749 [info ] [MainThread]: Registered adapter: snowflake=1.7.0
[0m00:07:26.539749 [debug] [MainThread]: Acquiring new snowflake connection 'debug'
[0m00:07:26.540755 [debug] [MainThread]: Using snowflake connection "debug"
[0m00:07:26.541749 [debug] [MainThread]: On debug: select 1 as id
[0m00:07:26.541749 [debug] [MainThread]: Opening a new connection, currently in state init
[0m00:07:29.415479 [debug] [MainThread]: SQL status: SUCCESS 1 in 3.0 seconds
[0m00:07:29.416444 [debug] [MainThread]: On debug: Close
[0m00:07:29.995324 [info ] [MainThread]:   Connection test: [[32mOK connection ok[0m]

[0m00:07:29.997289 [info ] [MainThread]: [32mAll checks passed![0m
[0m00:07:30.001286 [debug] [MainThread]: Command `dbt debug` succeeded at 00:07:30.000284 after 5.27 seconds
[0m00:07:30.002309 [debug] [MainThread]: Connection 'debug' was properly closed.
[0m00:07:30.003297 [debug] [MainThread]: Sending event: {'category': 'dbt', 'action': 'invocation', 'label': 'end', 'context': [<snowplow_tracker.self_describing_json.SelfDescribingJson object at 0x0000024EB9521690>, <snowplow_tracker.self_describing_json.SelfDescribingJson object at 0x0000024EB95217D0>, <snowplow_tracker.self_describing_json.SelfDescribingJson object at 0x0000024EBD65D390>]}
[0m00:07:30.003297 [debug] [MainThread]: Flushing usage events
[0m00:07:36.574073 [debug] [MainThread]: Sending event: {'category': 'dbt', 'action': 'invocation', 'label': 'start', 'context': [<snowplow_tracker.self_describing_json.SelfDescribingJson object at 0x000002956DEACCD0>, <snowplow_tracker.self_describing_json.SelfDescribingJson object at 0x000002956DEAEB90>, <snowplow_tracker.self_describing_json.SelfDescribingJson object at 0x000002956DEAE7D0>]}


============================== 00:07:36.577072 | 1cd3bcaa-0d57-4e41-8d4e-21550d198379 ==============================
[0m00:07:36.577072 [info ] [MainThread]: Running with dbt=1.7.19
[0m00:07:36.578042 [debug] [MainThread]: running dbt with arguments {'printer_width': '80', 'indirect_selection': 'eager', 'write_json': 'True', 'log_cache_events': 'False', 'partial_parse': 'True', 'cache_selected_only': 'False', 'profiles_dir': 'C:\\Users\\PC City\\.dbt', 'fail_fast': 'False', 'version_check': 'True', 'log_path': 'C:\\Users\\PC City\\Desktop\\DBT COUSRE & PROJECT\\dbtlearn\\logs', 'warn_error': 'None', 'debug': 'False', 'use_colors': 'True', 'use_experimental_parser': 'False', 'no_print': 'None', 'quiet': 'False', 'log_format': 'default', 'introspect': 'True', 'warn_error_options': 'WarnErrorOptions(include=[], exclude=[])', 'invocation_command': 'dbt deps', 'target_path': 'None', 'static_parser': 'True', 'send_anonymous_usage_stats': 'True'}
[0m00:07:36.740038 [debug] [MainThread]: Sending event: {'category': 'dbt', 'action': 'project_id', 'label': '1cd3bcaa-0d57-4e41-8d4e-21550d198379', 'context': [<snowplow_tracker.self_describing_json.SelfDescribingJson object at 0x000002956DF144D0>]}
[0m00:07:36.854043 [debug] [MainThread]: Set downloads directory='C:\Users\PCCITY~1\AppData\Local\Temp\dbt-downloads-rm0ixb6w'
[0m00:07:36.854043 [debug] [MainThread]: Making package index registry request: GET https://hub.getdbt.com/api/v1/index.json
[0m00:07:37.618085 [debug] [MainThread]: Response from registry index: GET https://hub.getdbt.com/api/v1/index.json 200
[0m00:07:37.620127 [debug] [MainThread]: Making package registry request: GET https://hub.getdbt.com/api/v1/dbt-labs/dbt_utils.json
[0m00:07:37.863314 [debug] [MainThread]: Response from registry: GET https://hub.getdbt.com/api/v1/dbt-labs/dbt_utils.json 200
[0m00:07:37.868313 [debug] [MainThread]: Making package registry request: GET https://hub.getdbt.com/api/v1/calogica/dbt_expectations.json
[0m00:07:38.537083 [debug] [MainThread]: Response from registry: GET https://hub.getdbt.com/api/v1/calogica/dbt_expectations.json 200
[0m00:07:38.539082 [warn ] [MainThread]: [[33mWARNING[0m]: Deprecated functionality
The `calogica/dbt_expectations` package is deprecated in favor of
`metaplane/dbt_expectations`. Please update your `packages.yml` configuration to
use `metaplane/dbt_expectations` instead.
[0m00:07:38.540118 [debug] [MainThread]: Sending event: {'category': 'dbt', 'action': 'deprecation', 'label': '1cd3bcaa-0d57-4e41-8d4e-21550d198379', 'property_': 'warn', 'context': [<snowplow_tracker.self_describing_json.SelfDescribingJson object at 0x000002956E02E710>]}
[0m00:07:38.543084 [debug] [MainThread]: Making package registry request: GET https://hub.getdbt.com/api/v1/calogica/dbt_date.json
[0m00:07:41.168917 [debug] [MainThread]: Response from registry: GET https://hub.getdbt.com/api/v1/calogica/dbt_date.json 200
[0m00:07:41.171916 [info ] [MainThread]: Installing dbt-labs/dbt_utils
[0m00:07:41.913991 [info ] [MainThread]: Installed from version 1.3.0
[0m00:07:41.915994 [info ] [MainThread]: Up to date!
[0m00:07:41.916994 [debug] [MainThread]: Sending event: {'category': 'dbt', 'action': 'package', 'label': '1cd3bcaa-0d57-4e41-8d4e-21550d198379', 'property_': 'install', 'context': [<snowplow_tracker.self_describing_json.SelfDescribingJson object at 0x000002956DF24A90>, <snowplow_tracker.self_describing_json.SelfDescribingJson object at 0x000002956E023F10>]}
[0m00:07:41.916994 [info ] [MainThread]: Installing calogica/dbt_expectations
[0m00:07:47.717793 [info ] [MainThread]: Installed from version 0.10.4
[0m00:07:47.718793 [info ] [MainThread]: Up to date!
[0m00:07:47.718793 [debug] [MainThread]: Sending event: {'category': 'dbt', 'action': 'package', 'label': '1cd3bcaa-0d57-4e41-8d4e-21550d198379', 'property_': 'install', 'context': [<snowplow_tracker.self_describing_json.SelfDescribingJson object at 0x000002956DEACA90>, <snowplow_tracker.self_describing_json.SelfDescribingJson object at 0x000002956DF24C10>]}
[0m00:07:47.719793 [info ] [MainThread]: Installing calogica/dbt_date
[0m00:07:48.245172 [info ] [MainThread]: Installed from version 0.10.1
[0m00:07:48.246174 [info ] [MainThread]: Up to date!
[0m00:07:48.247172 [debug] [MainThread]: Sending event: {'category': 'dbt', 'action': 'package', 'label': '1cd3bcaa-0d57-4e41-8d4e-21550d198379', 'property_': 'install', 'context': [<snowplow_tracker.self_describing_json.SelfDescribingJson object at 0x000002956E09D290>, <snowplow_tracker.self_describing_json.SelfDescribingJson object at 0x000002956E09FC50>]}
[0m00:07:48.250172 [debug] [MainThread]: Command `dbt deps` succeeded at 00:07:48.250172 after 11.79 seconds
[0m00:07:48.250172 [debug] [MainThread]: Sending event: {'category': 'dbt', 'action': 'invocation', 'label': 'end', 'context': [<snowplow_tracker.self_describing_json.SelfDescribingJson object at 0x000002956DD187D0>, <snowplow_tracker.self_describing_json.SelfDescribingJson object at 0x0000029567076CD0>, <snowplow_tracker.self_describing_json.SelfDescribingJson object at 0x0000029567085E90>]}
[0m00:07:48.251173 [debug] [MainThread]: Flushing usage events
[0m02:24:17.947925 [debug] [MainThread]: Sending event: {'category': 'dbt', 'action': 'invocation', 'label': 'start', 'context': [<snowplow_tracker.self_describing_json.SelfDescribingJson object at 0x00000203C130CA90>, <snowplow_tracker.self_describing_json.SelfDescribingJson object at 0x00000203C130D010>, <snowplow_tracker.self_describing_json.SelfDescribingJson object at 0x00000203C130D310>]}


============================== 02:24:17.951861 | f3b30fd0-e551-49e1-ab33-755aec9fef49 ==============================
[0m02:24:17.951861 [info ] [MainThread]: Running with dbt=1.7.19
[0m02:24:17.952888 [debug] [MainThread]: running dbt with arguments {'printer_width': '80', 'indirect_selection': 'eager', 'log_cache_events': 'False', 'write_json': 'True', 'partial_parse': 'True', 'cache_selected_only': 'False', 'profiles_dir': 'C:\\Users\\PC City\\.dbt', 'fail_fast': 'False', 'warn_error': 'None', 'log_path': 'C:\\Users\\PC City\\Desktop\\DBT COUSRE & PROJECT\\dbtlearn\\logs', 'debug': 'False', 'version_check': 'True', 'use_colors': 'True', 'use_experimental_parser': 'False', 'no_print': 'None', 'quiet': 'False', 'warn_error_options': 'WarnErrorOptions(include=[], exclude=[])', 'introspect': 'True', 'invocation_command': 'dbt debug', 'static_parser': 'True', 'target_path': 'None', 'log_format': 'default', 'send_anonymous_usage_stats': 'True'}
[0m02:24:17.953828 [info ] [MainThread]: dbt version: 1.7.19
[0m02:24:17.953828 [info ] [MainThread]: python version: 3.11.7
[0m02:24:17.954828 [info ] [MainThread]: python path: C:\Users\PC City\Desktop\DBT COUSRE & PROJECT\dbtlearn\venv\Scripts\python.exe
[0m02:24:17.954828 [info ] [MainThread]: os info: Windows-10-10.0.19045-SP0
[0m02:24:18.445067 [info ] [MainThread]: Using profiles dir at C:\Users\PC City\.dbt
[0m02:24:18.446067 [info ] [MainThread]: Using profiles.yml file at C:\Users\PC City\.dbt\profiles.yml
[0m02:24:18.447066 [info ] [MainThread]: Using dbt_project.yml file at C:\Users\PC City\Desktop\DBT COUSRE & PROJECT\dbtlearn\dbt_project.yml
[0m02:24:18.448066 [info ] [MainThread]: adapter type: snowflake
[0m02:24:18.449067 [info ] [MainThread]: adapter version: 1.7.0
[0m02:24:18.569065 [info ] [MainThread]: Configuration:
[0m02:24:18.570066 [info ] [MainThread]:   profiles.yml file [[32mOK found and valid[0m]
[0m02:24:18.571066 [info ] [MainThread]:   dbt_project.yml file [[32mOK found and valid[0m]
[0m02:24:18.572067 [info ] [MainThread]: Required dependencies:
[0m02:24:18.573067 [debug] [MainThread]: Executing "git --help"
[0m02:24:18.613066 [debug] [MainThread]: STDOUT: "b"usage: git [-v | --version] [-h | --help] [-C <path>] [-c <name>=<value>]\n           [--exec-path[=<path>]] [--html-path] [--man-path] [--info-path]\n           [-p | --paginate | -P | --no-pager] [--no-replace-objects] [--no-lazy-fetch]\n           [--no-optional-locks] [--no-advice] [--bare] [--git-dir=<path>]\n           [--work-tree=<path>] [--namespace=<name>] [--config-env=<name>=<envvar>]\n           <command> [<args>]\n\nThese are common Git commands used in various situations:\n\nstart a working area (see also: git help tutorial)\n   clone      Clone a repository into a new directory\n   init       Create an empty Git repository or reinitialize an existing one\n\nwork on the current change (see also: git help everyday)\n   add        Add file contents to the index\n   mv         Move or rename a file, a directory, or a symlink\n   restore    Restore working tree files\n   rm         Remove files from the working tree and from the index\n\nexamine the history and state (see also: git help revisions)\n   bisect     Use binary search to find the commit that introduced a bug\n   diff       Show changes between commits, commit and working tree, etc\n   grep       Print lines matching a pattern\n   log        Show commit logs\n   show       Show various types of objects\n   status     Show the working tree status\n\ngrow, mark and tweak your common history\n   backfill   Download missing objects in a partial clone\n   branch     List, create, or delete branches\n   commit     Record changes to the repository\n   merge      Join two or more development histories together\n   rebase     Reapply commits on top of another base tip\n   reset      Reset current HEAD to the specified state\n   switch     Switch branches\n   tag        Create, list, delete or verify a tag object signed with GPG\n\ncollaborate (see also: git help workflows)\n   fetch      Download objects and refs from another repository\n   pull       Fetch from and integrate with another repository or a local branch\n   push       Update remote refs along with associated objects\n\n'git help -a' and 'git help -g' list available subcommands and some\nconcept guides. See 'git help <command>' or 'git help <concept>'\nto read about a specific subcommand or concept.\nSee 'git help git' for an overview of the system.\n""
[0m02:24:18.613066 [debug] [MainThread]: STDERR: "b''"
[0m02:24:18.614067 [info ] [MainThread]:  - git [[32mOK found[0m]

[0m02:24:18.615066 [info ] [MainThread]: Connection:
[0m02:24:18.615066 [info ] [MainThread]:   account: RLNMUDU-KYB58750
[0m02:24:18.616067 [info ] [MainThread]:   user: dbt
[0m02:24:18.617067 [info ] [MainThread]:   database: AIRBNB
[0m02:24:18.617067 [info ] [MainThread]:   warehouse: COMPUTE_WH
[0m02:24:18.618067 [info ] [MainThread]:   role: transform
[0m02:24:18.618067 [info ] [MainThread]:   schema: DEV
[0m02:24:18.619067 [info ] [MainThread]:   authenticator: None
[0m02:24:18.619067 [info ] [MainThread]:   private_key_path: None
[0m02:24:18.620067 [info ] [MainThread]:   token: None
[0m02:24:18.621066 [info ] [MainThread]:   oauth_client_id: None
[0m02:24:18.621066 [info ] [MainThread]:   query_tag: None
[0m02:24:18.622070 [info ] [MainThread]:   client_session_keep_alive: False
[0m02:24:18.623070 [info ] [MainThread]:   host: None
[0m02:24:18.624067 [info ] [MainThread]:   port: None
[0m02:24:18.624067 [info ] [MainThread]:   proxy_host: None
[0m02:24:18.625067 [info ] [MainThread]:   proxy_port: None
[0m02:24:18.625067 [info ] [MainThread]:   protocol: None
[0m02:24:18.626067 [info ] [MainThread]:   connect_retries: 1
[0m02:24:18.627070 [info ] [MainThread]:   connect_timeout: None
[0m02:24:18.628069 [info ] [MainThread]:   retry_on_database_errors: False
[0m02:24:18.628069 [info ] [MainThread]:   retry_all: False
[0m02:24:18.629067 [info ] [MainThread]:   insecure_mode: False
[0m02:24:18.629067 [info ] [MainThread]:   reuse_connections: None
[0m02:24:18.630066 [info ] [MainThread]: Registered adapter: snowflake=1.7.0
[0m02:24:18.631066 [debug] [MainThread]: Acquiring new snowflake connection 'debug'
[0m02:24:18.631066 [debug] [MainThread]: Using snowflake connection "debug"
[0m02:24:18.632067 [debug] [MainThread]: On debug: select 1 as id
[0m02:24:18.632067 [debug] [MainThread]: Opening a new connection, currently in state init
[0m02:24:20.607288 [debug] [MainThread]: SQL status: SUCCESS 1 in 2.0 seconds
[0m02:24:20.609284 [debug] [MainThread]: On debug: Close
[0m02:24:21.120841 [info ] [MainThread]:   Connection test: [[32mOK connection ok[0m]

[0m02:24:21.120841 [info ] [MainThread]: [32mAll checks passed![0m
[0m02:24:21.121875 [debug] [MainThread]: Command `dbt debug` succeeded at 02:24:21.121875 after 3.26 seconds
[0m02:24:21.122873 [debug] [MainThread]: Connection 'debug' was properly closed.
[0m02:24:21.122873 [debug] [MainThread]: Sending event: {'category': 'dbt', 'action': 'invocation', 'label': 'end', 'context': [<snowplow_tracker.self_describing_json.SelfDescribingJson object at 0x00000203C135FF90>, <snowplow_tracker.self_describing_json.SelfDescribingJson object at 0x00000203C0E29510>, <snowplow_tracker.self_describing_json.SelfDescribingJson object at 0x00000203C0E29490>]}
[0m02:24:21.123842 [debug] [MainThread]: Flushing usage events
